
Showing logs for build [32mcb-kubecd-environment-pr-240-14-nxfwh-1[0m stage [32mfrom-build-pack[0m and container [32mstep-credential-initializer-h2pq4[0m
{"level":"info","ts":1592824112.7057397,"logger":"fallback-logger","caller":"logging/config.go:69","msg":"Fetch GitHub commit ID from kodata failed: open /var/run/ko/refs/heads/0.8.0-ns-support: no such file or directory"}
{"level":"info","ts":1592824112.7060356,"logger":"fallback-logger","caller":"creds-init/main.go:40","msg":"Credentials initialized."}

Showing logs for build [32mcb-kubecd-environment-pr-240-14-nxfwh-1[0m stage [32mfrom-build-pack[0m and container [32mstep-working-dir-initializer-4q8zh[0m
{"level":"info","ts":1592824113.7272506,"logger":"fallback-logger","caller":"logging/config.go:69","msg":"Fetch GitHub commit ID from kodata failed: open /var/run/ko/HEAD: no such file or directory"}
{"level":"info","ts":1592824113.7280955,"logger":"fallback-logger","caller":"bash/main.go:64","msg":"Successfully executed command \"sh -c mkdir -p /workspace/source\"; output "}

Showing logs for build [32mcb-kubecd-environment-pr-240-14-nxfwh-1[0m stage [32mfrom-build-pack[0m and container [32mstep-place-tools[0m

Showing logs for build [32mcb-kubecd-environment-pr-240-14-nxfwh-1[0m stage [32mfrom-build-pack[0m and container [32mstep-git-source-cb-kubecd-environment-pr-240-14-nxfwh-6jlgh[0m
{"level":"info","ts":1592824117.8226523,"logger":"fallback-logger","caller":"logging/config.go:69","msg":"Fetch GitHub commit ID from kodata failed: open /var/run/ko/refs/heads/0.8.0-ns-support: no such file or directory"}
{"level":"info","ts":1592824118.0589688,"logger":"fallback-logger","caller":"git/git.go:103","msg":"Successfully cloned https://github.com/cb-kubecd/environment-pr-240-14-boot-eks-staging.git @ master in path /workspace/source"}

Showing logs for build [32mcb-kubecd-environment-pr-240-14-nxfwh-1[0m stage [32mfrom-build-pack[0m and container [32mstep-git-merge[0m
Using SHAs from PULL_REFS=master:c9559f6ff5938db197069c31e3acb44c228ddbcb,4:c6d62db300a922e22818323e926a6810fc34b423
DEBUG: LC_ALL=C JX_LOG_LEVEL=error git fetch origin --unshallow c6d62db300a922e22818323e926a6810fc34b423: c9559f6ff5938db197069c31e3acb44c228ddbcb:
DEBUG: ran git fetch --unshallow origin c6d62db300a922e22818323e926a6810fc34b423: c9559f6ff5938db197069c31e3acb44c228ddbcb: in 
DEBUG: LC_ALL=C JX_LOG_LEVEL=error git branch
DEBUG: JX_LOG_LEVEL=error LC_ALL=C git checkout master
DEBUG: ran git checkout master in 
DEBUG: LC_ALL=C JX_LOG_LEVEL=error git reset --hard c9559f6ff5938db197069c31e3acb44c228ddbcb
DEBUG: ran git reset --hard c9559f6ff5938db197069c31e3acb44c228ddbcb in 
DEBUG: LC_ALL=C JX_LOG_LEVEL=error git clean -fd .
DEBUG: ran clean --force -d . in 
DEBUG: LC_ALL=C JX_LOG_LEVEL=error git merge c6d62db300a922e22818323e926a6810fc34b423
DEBUG: ran git merge c6d62db300a922e22818323e926a6810fc34b423 in 
DEBUG: LC_ALL=C JX_LOG_LEVEL=error git log --format=%H%x1f%an%x1f%ae%x1f%cn%x1f%ce%x1f%s%n%b%x1e c9559f6ff5938db197069c31e3acb44c228ddbcb..HEAD
Merged SHA c6d62db300a922e22818323e926a6810fc34b423 with commit message 'chore: Promote bdd-sbhg-1592818960 to version 0.0.1' into base branch master

Showing logs for build [32mcb-kubecd-environment-pr-240-14-nxfwh-1[0m stage [32mfrom-build-pack[0m and container [32mstep-build-helm-build[0m
WARNING: No $CHART_REPOSITORY defined so using the default value of: http://jenkins-x-chartmuseum:8080
Adding missing Helm repo: storage.googleapis.com https://storage.googleapis.com/chartmuseum.jenkins-x.io
WARNING: No secrets found on "helm/repos" due: reading the secret "helm/repos" from vault: no secret "helm/repos" not found in vault
Read credentials for https://storage.googleapis.com/chartmuseum.jenkins-x.io from vault helm/repos
Successfully added Helm repository storage.googleapis.com.
Adding missing Helm repo: jenkins-x-chartmuseum http://jenkins-x-chartmuseum:8080
WARNING: No secrets found on "helm/repos" due: reading the secret "helm/repos" from vault: no secret "helm/repos" not found in vault
Read credentials for http://jenkins-x-chartmuseum:8080 from vault helm/repos
Successfully added Helm repository jenkins-x-chartmuseum.
WARNING: No $CHART_REPOSITORY defined so using the default value of: http://jenkins-x-chartmuseum:8080
Adding missing Helm repo: chartmuseum.jenkins-x.io http://chartmuseum.jenkins-x.io
WARNING: No secrets found on "helm/repos" due: reading the secret "helm/repos" from vault: no secret "helm/repos" not found in vault
Read credentials for http://chartmuseum.jenkins-x.io from vault helm/repos
Successfully added Helm repository chartmuseum.jenkins-x.io.
