
Showing logs for build [32mcb-kubecd-environment-pr-240-14-hn76z-1[0m stage [32mfrom-build-pack[0m and container [32mstep-credential-initializer-b9jmv[0m
{"level":"info","ts":1592821852.0269601,"logger":"fallback-logger","caller":"logging/config.go:69","msg":"Fetch GitHub commit ID from kodata failed: open /var/run/ko/refs/heads/0.8.0-ns-support: no such file or directory"}
{"level":"info","ts":1592821852.0273316,"logger":"fallback-logger","caller":"creds-init/main.go:40","msg":"Credentials initialized."}

Showing logs for build [32mcb-kubecd-environment-pr-240-14-hn76z-1[0m stage [32mfrom-build-pack[0m and container [32mstep-working-dir-initializer-tvqdk[0m
{"level":"info","ts":1592821853.125987,"logger":"fallback-logger","caller":"logging/config.go:69","msg":"Fetch GitHub commit ID from kodata failed: open /var/run/ko/HEAD: no such file or directory"}
{"level":"info","ts":1592821853.1266687,"logger":"fallback-logger","caller":"bash/main.go:64","msg":"Successfully executed command \"sh -c mkdir -p /workspace/source\"; output "}

Showing logs for build [32mcb-kubecd-environment-pr-240-14-hn76z-1[0m stage [32mfrom-build-pack[0m and container [32mstep-place-tools[0m

Showing logs for build [32mcb-kubecd-environment-pr-240-14-hn76z-1[0m stage [32mfrom-build-pack[0m and container [32mstep-git-source-cb-kubecd-environment-pr-240-14-hn76z-56sjl[0m
{"level":"info","ts":1592821857.2383797,"logger":"fallback-logger","caller":"logging/config.go:69","msg":"Fetch GitHub commit ID from kodata failed: open /var/run/ko/refs/heads/0.8.0-ns-support: no such file or directory"}
{"level":"info","ts":1592821857.449234,"logger":"fallback-logger","caller":"git/git.go:103","msg":"Successfully cloned https://github.com/cb-kubecd/environment-pr-240-14-boot-eks-staging.git @ master in path /workspace/source"}

Showing logs for build [32mcb-kubecd-environment-pr-240-14-hn76z-1[0m stage [32mfrom-build-pack[0m and container [32mstep-git-merge[0m
Using SHAs from PULL_REFS=master:0c466bd7bb57321184fae075fee305b0a0320ddc,3:c6932e51e20309d5522d9ab08f70eb5f91f2149a
DEBUG: LC_ALL=C JX_LOG_LEVEL=error git fetch origin --unshallow c6932e51e20309d5522d9ab08f70eb5f91f2149a: 0c466bd7bb57321184fae075fee305b0a0320ddc:
DEBUG: ran git fetch --unshallow origin c6932e51e20309d5522d9ab08f70eb5f91f2149a: 0c466bd7bb57321184fae075fee305b0a0320ddc: in 
DEBUG: JX_LOG_LEVEL=error LC_ALL=C git branch
DEBUG: LC_ALL=C JX_LOG_LEVEL=error git checkout master
DEBUG: ran git checkout master in 
DEBUG: JX_LOG_LEVEL=error LC_ALL=C git reset --hard 0c466bd7bb57321184fae075fee305b0a0320ddc
DEBUG: ran git reset --hard 0c466bd7bb57321184fae075fee305b0a0320ddc in 
DEBUG: LC_ALL=C JX_LOG_LEVEL=error git clean -fd .
DEBUG: ran clean --force -d . in 
DEBUG: LC_ALL=C JX_LOG_LEVEL=error git merge c6932e51e20309d5522d9ab08f70eb5f91f2149a
DEBUG: ran git merge c6932e51e20309d5522d9ab08f70eb5f91f2149a in 
DEBUG: LC_ALL=C JX_LOG_LEVEL=error git log --format=%H%x1f%an%x1f%ae%x1f%cn%x1f%ce%x1f%s%n%b%x1e 0c466bd7bb57321184fae075fee305b0a0320ddc..HEAD
Merged SHA c6932e51e20309d5522d9ab08f70eb5f91f2149a with commit message 'chore: Promote bdd-nh-1592818960 to version 0.0.1' into base branch master

Showing logs for build [32mcb-kubecd-environment-pr-240-14-hn76z-1[0m stage [32mfrom-build-pack[0m and container [32mstep-build-helm-build[0m
WARNING: No $CHART_REPOSITORY defined so using the default value of: http://jenkins-x-chartmuseum:8080
Adding missing Helm repo: storage.googleapis.com https://storage.googleapis.com/chartmuseum.jenkins-x.io
WARNING: No secrets found on "helm/repos" due: reading the secret "helm/repos" from vault: no secret "helm/repos" not found in vault
Read credentials for https://storage.googleapis.com/chartmuseum.jenkins-x.io from vault helm/repos
Successfully added Helm repository storage.googleapis.com.
Adding missing Helm repo: jenkins-x-chartmuseum http://jenkins-x-chartmuseum:8080
WARNING: No secrets found on "helm/repos" due: reading the secret "helm/repos" from vault: no secret "helm/repos" not found in vault
Read credentials for http://jenkins-x-chartmuseum:8080 from vault helm/repos
Successfully added Helm repository jenkins-x-chartmuseum.
WARNING: No $CHART_REPOSITORY defined so using the default value of: http://jenkins-x-chartmuseum:8080
Adding missing Helm repo: chartmuseum.jenkins-x.io http://chartmuseum.jenkins-x.io
WARNING: No secrets found on "helm/repos" due: reading the secret "helm/repos" from vault: no secret "helm/repos" not found in vault
Read credentials for http://chartmuseum.jenkins-x.io from vault helm/repos
Successfully added Helm repository chartmuseum.jenkins-x.io.
