
Showing logs for build [32mcb-kubecd-environment-pr-240-14-dqkn2-1[0m stage [32mfrom-build-pack[0m and container [32mstep-credential-initializer-6rx67[0m
{"level":"info","ts":1592819679.8984332,"logger":"fallback-logger","caller":"logging/config.go:69","msg":"Fetch GitHub commit ID from kodata failed: open /var/run/ko/refs/heads/0.8.0-ns-support: no such file or directory"}
{"level":"info","ts":1592819679.8987284,"logger":"fallback-logger","caller":"creds-init/main.go:40","msg":"Credentials initialized."}

Showing logs for build [32mcb-kubecd-environment-pr-240-14-dqkn2-1[0m stage [32mfrom-build-pack[0m and container [32mstep-working-dir-initializer-ckpsd[0m
{"level":"info","ts":1592819680.8954513,"logger":"fallback-logger","caller":"logging/config.go:69","msg":"Fetch GitHub commit ID from kodata failed: open /var/run/ko/HEAD: no such file or directory"}
{"level":"info","ts":1592819680.8961918,"logger":"fallback-logger","caller":"bash/main.go:64","msg":"Successfully executed command \"sh -c mkdir -p /workspace/source\"; output "}

Showing logs for build [32mcb-kubecd-environment-pr-240-14-dqkn2-1[0m stage [32mfrom-build-pack[0m and container [32mstep-place-tools[0m

Showing logs for build [32mcb-kubecd-environment-pr-240-14-dqkn2-1[0m stage [32mfrom-build-pack[0m and container [32mstep-git-source-cb-kubecd-environment-pr-240-14-dqkn2-56xdh[0m
{"level":"info","ts":1592819683.9893446,"logger":"fallback-logger","caller":"logging/config.go:69","msg":"Fetch GitHub commit ID from kodata failed: open /var/run/ko/refs/heads/0.8.0-ns-support: no such file or directory"}
{"level":"info","ts":1592819684.1849005,"logger":"fallback-logger","caller":"git/git.go:103","msg":"Successfully cloned https://github.com/cb-kubecd/environment-pr-240-14-boot-eks-staging.git @ master in path /workspace/source"}

Showing logs for build [32mcb-kubecd-environment-pr-240-14-dqkn2-1[0m stage [32mfrom-build-pack[0m and container [32mstep-git-merge[0m
Using SHAs from PULL_REFS=master:230a52c3ba61eb1e3f37b858899480a21eed4071,2:64deee52ff9d756a81ed5034ec3bcc5cb7e7296b
DEBUG: LC_ALL=C JX_LOG_LEVEL=error git fetch origin --unshallow 64deee52ff9d756a81ed5034ec3bcc5cb7e7296b: 230a52c3ba61eb1e3f37b858899480a21eed4071:
DEBUG: ran git fetch --unshallow origin 64deee52ff9d756a81ed5034ec3bcc5cb7e7296b: 230a52c3ba61eb1e3f37b858899480a21eed4071: in 
DEBUG: LC_ALL=C JX_LOG_LEVEL=error git branch
DEBUG: LC_ALL=C JX_LOG_LEVEL=error git checkout master
DEBUG: ran git checkout master in 
DEBUG: LC_ALL=C JX_LOG_LEVEL=error git reset --hard 230a52c3ba61eb1e3f37b858899480a21eed4071
DEBUG: ran git reset --hard 230a52c3ba61eb1e3f37b858899480a21eed4071 in 
DEBUG: LC_ALL=C JX_LOG_LEVEL=error git clean -fd .
DEBUG: ran clean --force -d . in 
DEBUG: LC_ALL=C JX_LOG_LEVEL=error git merge 64deee52ff9d756a81ed5034ec3bcc5cb7e7296b
DEBUG: ran git merge 64deee52ff9d756a81ed5034ec3bcc5cb7e7296b in 
DEBUG: JX_LOG_LEVEL=error LC_ALL=C git log --format=%H%x1f%an%x1f%ae%x1f%cn%x1f%ce%x1f%s%n%b%x1e 230a52c3ba61eb1e3f37b858899480a21eed4071..HEAD
Merged SHA 64deee52ff9d756a81ed5034ec3bcc5cb7e7296b with commit message 'chore: Promote bdd-gh-1592818960 to version 0.0.1' into base branch master

Showing logs for build [32mcb-kubecd-environment-pr-240-14-dqkn2-1[0m stage [32mfrom-build-pack[0m and container [32mstep-build-helm-build[0m
WARNING: No $CHART_REPOSITORY defined so using the default value of: http://jenkins-x-chartmuseum:8080
Adding missing Helm repo: storage.googleapis.com https://storage.googleapis.com/chartmuseum.jenkins-x.io
WARNING: No secrets found on "helm/repos" due: reading the secret "helm/repos" from vault: no secret "helm/repos" not found in vault
Read credentials for https://storage.googleapis.com/chartmuseum.jenkins-x.io from vault helm/repos
Successfully added Helm repository storage.googleapis.com.
Adding missing Helm repo: jenkins-x-chartmuseum http://jenkins-x-chartmuseum:8080
WARNING: No secrets found on "helm/repos" due: reading the secret "helm/repos" from vault: no secret "helm/repos" not found in vault
Read credentials for http://jenkins-x-chartmuseum:8080 from vault helm/repos
Successfully added Helm repository jenkins-x-chartmuseum.
WARNING: No $CHART_REPOSITORY defined so using the default value of: http://jenkins-x-chartmuseum:8080
Adding missing Helm repo: chartmuseum.jenkins-x.io http://chartmuseum.jenkins-x.io
WARNING: No secrets found on "helm/repos" due: reading the secret "helm/repos" from vault: no secret "helm/repos" not found in vault
Read credentials for http://chartmuseum.jenkins-x.io from vault helm/repos
Successfully added Helm repository chartmuseum.jenkins-x.io.
